<?xml version="1.0" encoding="UTF-8"?>
<!-- Generated by org.testng.reporters.JUnitXMLReporter -->
<testsuite ignored="0" hostname="DESKTOP-KDP69UV" failures="1" tests="3" name="Test" time="50.132" errors="0" timestamp="2026-05-26T13:38:38 IST">
  <testcase classname="Alltests.Signintoamazon" name="performlogin" time="0.255">
    <skipped/>
  </testcase> <!-- performlogin -->
  <testcase classname="Alltests.Signintoamazon" name="performlogin" time="0.087">
    <skipped/>
  </testcase> <!-- performlogin -->
  <testcase classname="Alltests.Signintoamazon" name="performlogin" time="0.145">
    <failure type="java.lang.IllegalArgumentException" message="Driver must be set">
      <![CDATA[java.lang.IllegalArgumentException: Driver must be set
at org.openqa.selenium.internal.Require.nonNull(Require.java:68)
at org.openqa.selenium.interactions.Actions.<init>(Actions.java:65)
at org.openqa.selenium.interactions.Actions.<init>(Actions.java:61)
at newpackage.newproject.Homepage.hoverover(Homepage.java:26)
at Alltests.Signintoamazon.performlogin(Signintoamazon.java:19)
at java.base/java.util.ArrayList.forEach(ArrayList.java:1596)
... Removed 25 stack frames]]>
    </failure>
  </testcase> <!-- performlogin -->
</testsuite> <!-- Test -->
