<?xml version="1.0" encoding="UTF-8"?>
<!-- Generated by org.testng.reporters.JUnitXMLReporter -->
<testsuite ignored="0" hostname="DESKTOP-KDP69UV" failures="0" tests="5" name="Test" time="131.925" errors="0" timestamp="2026-06-09T13:38:08 IST">
  <testcase classname="Alltests.Payment" name="Makepayment" time="48.369"/>
  <testcase classname="Alltests.AddcartandRemove" name="Addingcartandremove" time="12.5"/>
  <testcase classname="Alltests.Signintoamazon" name="performsignin" time="11.382"/>
  <testcase classname="Alltests.Movetocartpage" name="Movtocartpage" time="17.001"/>
  <testcase classname="Alltests.Searchshoes" name="searchshoesamazon" time="7.723"/>
</testsuite> <!-- Test -->
