<?xml version="1.0" encoding="UTF-8"?>
<testng-results ignored="0" total="1" passed="1" failed="0" skipped="0">
  <reporter-output>
  </reporter-output>
  <suite started-at="2026-05-26T14:08:50 IST" name="Suite" finished-at="2026-05-26T14:09:40 IST" duration-ms="49818">
    <groups>
    </groups>
    <test started-at="2026-05-26T14:08:50 IST" name="Test" finished-at="2026-05-26T14:09:40 IST" duration-ms="49818">
      <class name="Alltests.Signintoamazon">
        <test-method is-config="true" signature="launch(java.lang.String)[pri:0, instance:Alltests.Signintoamazon@7193666c]" started-at="2026-05-26T14:08:50 IST" name="launch" finished-at="2026-05-26T14:09:01 IST" duration-ms="11210" status="PASS">
          <params>
            <param index="0">
              <value>
                <![CDATA[chrome]]>
              </value>
            </param>
          </params>
          <reporter-output>
          </reporter-output>
        </test-method> <!-- launch -->
        <test-method signature="performlogin()[pri:0, instance:Alltests.Signintoamazon@7193666c]" started-at="2026-05-26T14:09:01 IST" name="performlogin" finished-at="2026-05-26T14:09:36 IST" duration-ms="34165" status="PASS">
          <reporter-output>
          </reporter-output>
        </test-method> <!-- performlogin -->
        <test-method is-config="true" signature="close()[pri:0, instance:Alltests.Signintoamazon@7193666c]" started-at="2026-05-26T14:09:36 IST" name="close" finished-at="2026-05-26T14:09:40 IST" duration-ms="4309" status="PASS">
          <reporter-output>
          </reporter-output>
        </test-method> <!-- close -->
      </class> <!-- Alltests.Signintoamazon -->
    </test> <!-- Test -->
  </suite> <!-- Suite -->
</testng-results>
