<?xml version="1.0" encoding="UTF-8"?>
<testng-results ignored="0" total="2" passed="2" failed="0" skipped="0">
  <reporter-output>
    <line>
      <![CDATA[login successfull]]>
    </line>
    <line>
      <![CDATA[searching successfull]]>
    </line>
  </reporter-output>
  <suite started-at="2026-06-06T12:49:55 IST" name="Suite" finished-at="2026-06-06T12:50:49 IST" duration-ms="53894">
    <groups>
    </groups>
    <test started-at="2026-06-06T12:49:55 IST" name="Test" finished-at="2026-06-06T12:50:49 IST" duration-ms="53894">
      <class name="Alltests.Signintoamazon">
        <test-method is-config="true" signature="launch(java.lang.String)[pri:0, instance:Alltests.Signintoamazon@6973b51b]" started-at="2026-06-06T12:49:55 IST" name="launch" finished-at="2026-06-06T12:50:04 IST" duration-ms="8444" status="PASS">
          <params>
            <param index="0">
              <value>
                <![CDATA[chrome]]>
              </value>
            </param>
          </params>
          <reporter-output>
          </reporter-output>
        </test-method> <!-- launch -->
        <test-method signature="performsignin()[pri:0, instance:Alltests.Signintoamazon@6973b51b]" started-at="2026-06-06T12:50:04 IST" name="performsignin" finished-at="2026-06-06T12:50:25 IST" duration-ms="21410" status="PASS">
          <reporter-output>
            <line>
              <![CDATA[login successfull]]>
            </line>
          </reporter-output>
        </test-method> <!-- performsignin -->
        <test-method is-config="true" signature="close()[pri:0, instance:Alltests.Signintoamazon@6973b51b]" started-at="2026-06-06T12:50:25 IST" name="close" finished-at="2026-06-06T12:50:30 IST" duration-ms="4409" status="PASS">
          <reporter-output>
          </reporter-output>
        </test-method> <!-- close -->
      </class> <!-- Alltests.Signintoamazon -->
      <class name="Alltests.Searchshoes">
        <test-method is-config="true" signature="launch(java.lang.String)[pri:0, instance:Alltests.Searchshoes@6572421]" started-at="2026-06-06T12:50:30 IST" name="launch" finished-at="2026-06-06T12:50:33 IST" duration-ms="3853" status="PASS">
          <params>
            <param index="0">
              <value>
                <![CDATA[chrome]]>
              </value>
            </param>
          </params>
          <reporter-output>
          </reporter-output>
        </test-method> <!-- launch -->
        <test-method signature="searchshoesamazon()[pri:0, instance:Alltests.Searchshoes@6572421]" started-at="2026-06-06T12:50:33 IST" name="searchshoesamazon" finished-at="2026-06-06T12:50:45 IST" duration-ms="11198" status="PASS">
          <reporter-output>
            <line>
              <![CDATA[searching successfull]]>
            </line>
          </reporter-output>
        </test-method> <!-- searchshoesamazon -->
        <test-method is-config="true" signature="close()[pri:0, instance:Alltests.Searchshoes@6572421]" started-at="2026-06-06T12:50:45 IST" name="close" finished-at="2026-06-06T12:50:49 IST" duration-ms="4471" status="PASS">
          <reporter-output>
          </reporter-output>
        </test-method> <!-- close -->
      </class> <!-- Alltests.Searchshoes -->
    </test> <!-- Test -->
  </suite> <!-- Suite -->
</testng-results>
