<?xml version="1.0" encoding="UTF-8"?>
<testng-results ignored="0" total="1" passed="1" failed="0" skipped="0">
  <reporter-output>
  </reporter-output>
  <suite started-at="2026-06-09T14:51:08 IST" name="Suite" finished-at="2026-06-09T14:51:40 IST" duration-ms="32001">
    <groups>
    </groups>
    <test started-at="2026-06-09T14:51:08 IST" name="Test" finished-at="2026-06-09T14:51:40 IST" duration-ms="32001">
      <class name="Alltests.Movetocartpage">
        <test-method is-config="true" signature="launch(java.lang.String)[pri:0, instance:Alltests.Movetocartpage@292b08d6]" started-at="2026-06-09T14:51:08 IST" name="launch" finished-at="2026-06-09T14:51:12 IST" duration-ms="4177" status="PASS">
          <params>
            <param index="0">
              <value>
                <![CDATA[chrome]]>
              </value>
            </param>
          </params>
          <reporter-output>
          </reporter-output>
        </test-method> <!-- launch -->
        <test-method signature="Movtocartpage()[pri:0, instance:Alltests.Movetocartpage@292b08d6]" started-at="2026-06-09T14:51:12 IST" name="Movtocartpage" finished-at="2026-06-09T14:51:36 IST" duration-ms="23318" status="PASS">
          <reporter-output>
          </reporter-output>
        </test-method> <!-- Movtocartpage -->
        <test-method is-config="true" signature="close()[pri:0, instance:Alltests.Movetocartpage@292b08d6]" started-at="2026-06-09T14:51:36 IST" name="close" finished-at="2026-06-09T14:51:40 IST" duration-ms="4393" status="PASS">
          <reporter-output>
          </reporter-output>
        </test-method> <!-- close -->
      </class> <!-- Alltests.Movetocartpage -->
    </test> <!-- Test -->
  </suite> <!-- Suite -->
</testng-results>
