<?xml version="1.0" encoding="UTF-8"?>
<!-- Generated by org.testng.reporters.JUnitReportReporter -->
<testsuite hostname="DESKTOP-KDP69UV" failures="0" tests="1" name="Alltests.Searchshoes" time="14.339" errors="0" timestamp="2026-06-09T13:38:08 IST" skipped="0">
  <testcase classname="Alltests.Searchshoes" name="searchshoesamazon" time="14.339">
    <system-out>
      <![CDATA[searching successfull]]>
    </system-out>
  </testcase> <!-- searchshoesamazon -->
  <system-out>
    <![CDATA[login successfull
searching successfull]]>
  </system-out>
</testsuite> <!-- Alltests.Searchshoes -->
