<?xml version="1.0" encoding="UTF-8"?>
<!-- Generated by org.testng.reporters.JUnitReportReporter -->
<testsuite hostname="DESKTOP-KDP69UV" failures="0" tests="1" name="Alltests.Signintoamazon" time="18.186" errors="0" timestamp="2026-06-09T13:38:08 IST" skipped="0">
  <testcase classname="Alltests.Signintoamazon" name="performsignin" time="18.186">
    <system-out>
      <![CDATA[login successfull]]>
    </system-out>
  </testcase> <!-- performsignin -->
  <system-out>
    <![CDATA[login successfull
searching successfull]]>
  </system-out>
</testsuite> <!-- Alltests.Signintoamazon -->
