<?xml version="1.0" encoding="UTF-8"?>
<!-- Generated by org.testng.reporters.JUnitReportReporter -->
<testsuite hostname="DESKTOP-KDP69UV" failures="0" tests="1" name="Alltests.Signintoamazon" time="34.263" errors="0" timestamp="2026-06-06T12:50:49 IST" skipped="0">
  <testcase classname="Alltests.Signintoamazon" name="performsignin" time="34.263">
    <system-out>
      <![CDATA[login successfull]]>
    </system-out>
  </testcase> <!-- performsignin -->
  <system-out>
    <![CDATA[login successfull
searching successfull]]>
  </system-out>
</testsuite> <!-- Alltests.Signintoamazon -->
